<?xml version="1.0" encoding="UTF-8"?>
<testsuites>
  <testsuite name="CodeIgniter Application Test Suite" tests="4" assertions="4" errors="0" failures="0" skipped="0" time="0.045031">
    <testsuite name="Login_test" file="/home/lloricode/Desktop/codeigniter/ion-auth-test/application/tests/controllers/Login_test.php" tests="1" assertions="1" errors="0" failures="0" skipped="0" time="0.040378">
      <testcase name="test_index" class="Login_test" classname="Login_test" file="/home/lloricode/Desktop/codeigniter/ion-auth-test/application/tests/controllers/Login_test.php" line="19" assertions="1" time="0.040378"/>
    </testsuite>
    <testsuite name="Welcome_test" file="/home/lloricode/Desktop/codeigniter/ion-auth-test/application/tests/controllers/Welcome_test.php" tests="3" assertions="3" errors="0" failures="0" skipped="0" time="0.004653">
      <testcase name="test_index" class="Welcome_test" classname="Welcome_test" file="/home/lloricode/Desktop/codeigniter/ion-auth-test/application/tests/controllers/Welcome_test.php" line="13" assertions="1" time="0.002252"/>
      <testcase name="test_method_404" class="Welcome_test" classname="Welcome_test" file="/home/lloricode/Desktop/codeigniter/ion-auth-test/application/tests/controllers/Welcome_test.php" line="19" assertions="1" time="0.001679"/>
      <testcase name="test_APPPATH" class="Welcome_test" classname="Welcome_test" file="/home/lloricode/Desktop/codeigniter/ion-auth-test/application/tests/controllers/Welcome_test.php" line="25" assertions="1" time="0.000722"/>
    </testsuite>
  </testsuite>
</testsuites>
